<?xml version="1.0" encoding="UTF-8"?>
<!-- Generated by org.testng.reporters.JUnitXMLReporter -->
<testsuite ignored="0" hostname="lin33001588" failures="0" tests="3" name="Default test" time="7.532" errors="0" timestamp="2022-05-27T01:23:07 IST">
  <testcase classname="TestNg.KiteTest1" name="KiteLoginpageTitle" time="0.013"/>
  <testcase classname="TestNg.KiteTest1" name="forgetuserlink" time="0.044"/>
  <testcase classname="TestNg.KiteTest1" name="kitelogoTest" time="0.03"/>
</testsuite> <!-- Default test -->
