<?xml version="1.0" encoding="UTF-8"?>
<testng-results ignored="0" total="3" passed="3" failed="0" skipped="0">
  <reporter-output>
  </reporter-output>
  <suite started-at="2022-05-27T01:22:59 IST" name="Default suite" finished-at="2022-05-27T01:23:07 IST" duration-ms="7532">
    <groups>
    </groups>
    <test started-at="2022-05-27T01:22:59 IST" name="Default test" finished-at="2022-05-27T01:23:07 IST" duration-ms="7532">
      <class name="TestNg.KiteTest1">
        <test-method is-config="true" signature="setup()[pri:0, instance:TestNg.KiteTest1@140c9f39]" started-at="2022-05-27T01:22:59 IST" name="setup" finished-at="2022-05-27T01:23:02 IST" duration-ms="2932" status="PASS">
          <reporter-output>
          </reporter-output>
        </test-method> <!-- setup -->
        <test-method signature="KiteLoginpageTitle()[pri:0, instance:TestNg.KiteTest1@140c9f39]" started-at="2022-05-27T01:23:02 IST" name="KiteLoginpageTitle" finished-at="2022-05-27T01:23:02 IST" duration-ms="13" status="PASS">
          <reporter-output>
          </reporter-output>
        </test-method> <!-- KiteLoginpageTitle -->
        <test-method is-config="true" signature="Teardown()[pri:0, instance:TestNg.KiteTest1@140c9f39]" started-at="2022-05-27T01:23:02 IST" name="Teardown" finished-at="2022-05-27T01:23:03 IST" duration-ms="196" status="PASS">
          <reporter-output>
          </reporter-output>
        </test-method> <!-- Teardown -->
        <test-method is-config="true" signature="setup()[pri:0, instance:TestNg.KiteTest1@140c9f39]" started-at="2022-05-27T01:23:03 IST" name="setup" finished-at="2022-05-27T01:23:05 IST" duration-ms="2101" status="PASS">
          <reporter-output>
          </reporter-output>
        </test-method> <!-- setup -->
        <test-method signature="forgetuserlink()[pri:0, instance:TestNg.KiteTest1@140c9f39]" started-at="2022-05-27T01:23:05 IST" name="forgetuserlink" finished-at="2022-05-27T01:23:05 IST" duration-ms="44" status="PASS">
          <reporter-output>
          </reporter-output>
        </test-method> <!-- forgetuserlink -->
        <test-method is-config="true" signature="Teardown()[pri:0, instance:TestNg.KiteTest1@140c9f39]" started-at="2022-05-27T01:23:05 IST" name="Teardown" finished-at="2022-05-27T01:23:05 IST" duration-ms="205" status="PASS">
          <reporter-output>
          </reporter-output>
        </test-method> <!-- Teardown -->
        <test-method is-config="true" signature="setup()[pri:0, instance:TestNg.KiteTest1@140c9f39]" started-at="2022-05-27T01:23:05 IST" name="setup" finished-at="2022-05-27T01:23:07 IST" duration-ms="1769" status="PASS">
          <reporter-output>
          </reporter-output>
        </test-method> <!-- setup -->
        <test-method signature="kitelogoTest()[pri:0, instance:TestNg.KiteTest1@140c9f39]" started-at="2022-05-27T01:23:07 IST" name="kitelogoTest" finished-at="2022-05-27T01:23:07 IST" duration-ms="30" status="PASS">
          <reporter-output>
          </reporter-output>
        </test-method> <!-- kitelogoTest -->
        <test-method is-config="true" signature="Teardown()[pri:0, instance:TestNg.KiteTest1@140c9f39]" started-at="2022-05-27T01:23:07 IST" name="Teardown" finished-at="2022-05-27T01:23:07 IST" duration-ms="202" status="PASS">
          <reporter-output>
          </reporter-output>
        </test-method> <!-- Teardown -->
      </class> <!-- TestNg.KiteTest1 -->
    </test> <!-- Default test -->
  </suite> <!-- Default suite -->
</testng-results>
