<?xml version="1.0" encoding="UTF-8"?>
<!-- Generated by org.testng.reporters.JUnitXMLReporter -->
<testsuite ignored="0" hostname="lin33001588" failures="0" tests="4" name="Test" time="52.079" errors="0" timestamp="2022-06-03T20:24:54 IST">
  <testcase classname="com.kite.qa.TestCases.HomePageTest" name="LoginPageTitleTest" time="2.014"/>
  <testcase classname="com.kite.qa.TestCases.LoginPageTest" name="loginTest" time="8.23"/>
  <testcase classname="com.kite.qa.TestCases.LoginPageTest" name="LoginPageTitleTest" time="2.019"/>
  <testcase classname="com.kite.qa.TestCases.LoginPageTest" name="KiteUserID" time="9.168"/>
</testsuite> <!-- Test -->
